# Logfile created on 2015-03-24 13:23:21 -0500 by logger.rb/44203
I, [2015-03-24T13:23:21.197454 #11830]  INFO -- : ===========================================
I, [2015-03-24T13:23:21.197499 #11830]  INFO -- : ===========================================
I, [2015-03-24T13:23:21.197535 #11830]  INFO -- : Starting script at 2015-03-24 13:23:21 -0500
I, [2015-03-24T13:23:21.197575 #11830]  INFO -- : Script running with following options: {:environment=>"test", :format=>nil, :solr_or_html=>nil, :commit=>true, :regex=>nil, :transform_only=>false, :update_time=>nil, :verbose=>true, :project=>"neihardt"}
I, [2015-03-24T13:23:24.622017 #11830]  INFO -- : Transformed all specified files for neihardt successfully
I, [2015-03-24T13:23:24.622306 #11830]  INFO -- : Posted all specified files for neihardt successfully
I, [2015-03-24T13:23:24.712728 #11830]  INFO -- : Script finished running at 2015-03-24 13:23:24 -0500
I, [2015-03-24T13:23:24.712800 #11830]  INFO -- : Script completed in 00 hrs 00 mins 03 secs
I, [2015-03-24T13:29:11.998646 #13118]  INFO -- : ===========================================
I, [2015-03-24T13:29:11.998737 #13118]  INFO -- : ===========================================
I, [2015-03-24T13:29:11.998799 #13118]  INFO -- : Starting script at 2015-03-24 13:29:11 -0500
I, [2015-03-24T13:29:11.998852 #13118]  INFO -- : Script running with following options: {:environment=>"test", :format=>nil, :solr_or_html=>nil, :commit=>true, :regex=>nil, :transform_only=>false, :update_time=>nil, :verbose=>true, :project=>"neihardt"}
I, [2015-03-24T13:29:20.338878 #13118]  INFO -- : Transformed all specified files for neihardt successfully
I, [2015-03-24T13:29:20.339042 #13118]  INFO -- : Posted all specified files for neihardt successfully
I, [2015-03-24T13:29:20.401899 #13118]  INFO -- : Script finished running at 2015-03-24 13:29:20 -0500
I, [2015-03-24T13:29:20.402021 #13118]  INFO -- : Script completed in 00 hrs 00 mins 08 secs
I, [2015-03-24T13:31:21.874310 #13422]  INFO -- : ===========================================
I, [2015-03-24T13:31:21.874394 #13422]  INFO -- : ===========================================
I, [2015-03-24T13:31:21.874443 #13422]  INFO -- : Starting script at 2015-03-24 13:31:21 -0500
I, [2015-03-24T13:31:21.874482 #13422]  INFO -- : Script running with following options: {:environment=>"test", :format=>nil, :solr_or_html=>nil, :commit=>true, :regex=>nil, :transform_only=>false, :update_time=>nil, :verbose=>true, :project=>"neihardt"}
I, [2015-03-24T13:34:01.040118 #13422]  INFO -- : Transformed all specified files for neihardt successfully
I, [2015-03-24T13:34:01.040394 #13422]  INFO -- : Posted all specified files for neihardt successfully
I, [2015-03-24T13:34:01.730227 #13422]  INFO -- : Script finished running at 2015-03-24 13:34:01 -0500
I, [2015-03-24T13:34:01.730289 #13422]  INFO -- : Script completed in 00 hrs 02 mins 39 secs
I, [2015-03-24T13:52:40.208533 #61929]  INFO -- : ===========================================
I, [2015-03-24T13:52:40.208609 #61929]  INFO -- : ===========================================
I, [2015-03-24T13:52:40.208655 #61929]  INFO -- : Starting script at 2015-03-24 13:52:40 -0500
I, [2015-03-24T13:52:40.208695 #61929]  INFO -- : Script running with following options: {:environment=>"test", :format=>nil, :solr_or_html=>nil, :commit=>true, :regex=>nil, :transform_only=>false, :update_time=>nil, :verbose=>true, :project=>"neihardt"}
I, [2015-03-24T13:55:19.782550 #61929]  INFO -- : Transformed all specified files for neihardt successfully
I, [2015-03-24T13:55:19.782828 #61929]  INFO -- : Posted all specified files for neihardt successfully
I, [2015-03-24T13:55:20.094489 #61929]  INFO -- : Script finished running at 2015-03-24 13:55:20 -0500
I, [2015-03-24T13:55:20.094573 #61929]  INFO -- : Script completed in 00 hrs 02 mins 39 secs
I, [2015-03-24T13:58:53.622922 #45814]  INFO -- : ===========================================
I, [2015-03-24T13:58:53.623018 #45814]  INFO -- : ===========================================
I, [2015-03-24T13:58:53.623087 #45814]  INFO -- : Starting script at 2015-03-24 13:58:53 -0500
I, [2015-03-24T13:58:53.623184 #45814]  INFO -- : Script running with following options: {:environment=>"test", :format=>nil, :solr_or_html=>nil, :commit=>true, :regex=>nil, :transform_only=>false, :update_time=>2015-03-24 15:37:00 -0500, :verbose=>true, :project=>"neihardt"}
I, [2015-03-24T13:58:53.680815 #45814]  INFO -- : Transformed all specified files for neihardt successfully
I, [2015-03-24T13:58:53.680985 #45814]  INFO -- : Posted all specified files for neihardt successfully
I, [2015-03-24T13:58:53.694487 #45814]  INFO -- : Script finished running at 2015-03-24 13:58:53 -0500
I, [2015-03-24T13:58:53.694611 #45814]  INFO -- : Script completed in 00 hrs 00 mins 00 secs
I, [2015-03-24T13:59:11.567304 #46473]  INFO -- : ===========================================
I, [2015-03-24T13:59:11.567376 #46473]  INFO -- : ===========================================
I, [2015-03-24T13:59:11.567415 #46473]  INFO -- : Starting script at 2015-03-24 13:59:11 -0500
I, [2015-03-24T13:59:11.567454 #46473]  INFO -- : Script running with following options: {:environment=>"test", :format=>nil, :solr_or_html=>nil, :commit=>true, :regex=>nil, :transform_only=>false, :update_time=>2015-03-24 15:36:00 -0500, :verbose=>true, :project=>"neihardt"}
I, [2015-03-24T13:59:11.625078 #46473]  INFO -- : Transformed all specified files for neihardt successfully
I, [2015-03-24T13:59:11.625243 #46473]  INFO -- : Posted all specified files for neihardt successfully
I, [2015-03-24T13:59:11.636298 #46473]  INFO -- : Script finished running at 2015-03-24 13:59:11 -0500
I, [2015-03-24T13:59:11.636417 #46473]  INFO -- : Script completed in 00 hrs 00 mins 00 secs
I, [2015-03-24T13:59:21.865851 #47130]  INFO -- : ===========================================
I, [2015-03-24T13:59:21.865934 #47130]  INFO -- : ===========================================
I, [2015-03-24T13:59:21.865994 #47130]  INFO -- : Starting script at 2015-03-24 13:59:21 -0500
I, [2015-03-24T13:59:21.866059 #47130]  INFO -- : Script running with following options: {:environment=>"test", :format=>nil, :solr_or_html=>nil, :commit=>true, :regex=>nil, :transform_only=>false, :update_time=>2015-03-24 15:30:00 -0500, :verbose=>true, :project=>"neihardt"}
I, [2015-03-24T13:59:21.924948 #47130]  INFO -- : Transformed all specified files for neihardt successfully
I, [2015-03-24T13:59:21.925121 #47130]  INFO -- : Posted all specified files for neihardt successfully
I, [2015-03-24T13:59:21.933128 #47130]  INFO -- : Script finished running at 2015-03-24 13:59:21 -0500
I, [2015-03-24T13:59:21.933223 #47130]  INFO -- : Script completed in 00 hrs 00 mins 00 secs
I, [2015-03-24T14:00:44.678205 #47834]  INFO -- : ===========================================
I, [2015-03-24T14:00:44.678275 #47834]  INFO -- : ===========================================
I, [2015-03-24T14:00:44.678316 #47834]  INFO -- : Starting script at 2015-03-24 14:00:44 -0500
I, [2015-03-24T14:00:44.678356 #47834]  INFO -- : Script running with following options: {:environment=>"test", :format=>nil, :solr_or_html=>nil, :commit=>true, :regex=>nil, :transform_only=>false, :update_time=>2015-03-24 15:30:00 -0500, :verbose=>true, :project=>"neihardt"}
I, [2015-03-24T14:00:44.734860 #47834]  INFO -- : Transformed all specified files for neihardt successfully
I, [2015-03-24T14:00:44.735021 #47834]  INFO -- : Posted all specified files for neihardt successfully
I, [2015-03-24T14:00:44.748732 #47834]  INFO -- : Script finished running at 2015-03-24 14:00:44 -0500
I, [2015-03-24T14:00:44.748831 #47834]  INFO -- : Script completed in 00 hrs 00 mins 00 secs
I, [2015-03-24T14:00:48.571967 #48490]  INFO -- : ===========================================
I, [2015-03-24T14:00:48.572047 #48490]  INFO -- : ===========================================
I, [2015-03-24T14:00:48.572091 #48490]  INFO -- : Starting script at 2015-03-24 14:00:48 -0500
I, [2015-03-24T14:00:48.572132 #48490]  INFO -- : Script running with following options: {:environment=>"test", :format=>nil, :solr_or_html=>nil, :commit=>true, :regex=>nil, :transform_only=>false, :update_time=>2015-03-24 00:00:00 -0500, :verbose=>true, :project=>"neihardt"}
I, [2015-03-24T14:03:27.518167 #48490]  INFO -- : Transformed all specified files for neihardt successfully
I, [2015-03-24T14:03:27.518441 #48490]  INFO -- : Posted all specified files for neihardt successfully
I, [2015-03-24T14:03:27.742428 #48490]  INFO -- : Script finished running at 2015-03-24 14:03:27 -0500
I, [2015-03-24T14:03:27.742554 #48490]  INFO -- : Script completed in 00 hrs 02 mins 39 secs
I, [2015-03-24T14:16:06.767893 #32080]  INFO -- : ===========================================
I, [2015-03-24T14:16:06.767992 #32080]  INFO -- : ===========================================
I, [2015-03-24T14:16:06.768062 #32080]  INFO -- : Starting script at 2015-03-24 14:16:06 -0500
I, [2015-03-24T14:16:06.768121 #32080]  INFO -- : Script running with following options: {:environment=>"test", :format=>nil, :solr_or_html=>nil, :commit=>true, :regex=>nil, :transform_only=>false, :update_time=>nil, :verbose=>true, :project=>"neihardt"}
I, [2015-03-24T14:18:46.690861 #32080]  INFO -- : Transformed all specified files for neihardt successfully
I, [2015-03-24T14:18:46.691158 #32080]  INFO -- : Posted all specified files for neihardt successfully
I, [2015-03-24T14:18:46.888803 #32080]  INFO -- : Script finished running at 2015-03-24 14:18:46 -0500
I, [2015-03-24T14:18:46.888917 #32080]  INFO -- : Script completed in 00 hrs 02 mins 40 secs
