E, [2015-02-20T10:35:09.545108 #87595] ERROR -- : TESTING IF THIS WORKS
E, [2015-02-20T10:37:49.505428 #87625] ERROR -- : TESTING IF THIS WORKS
E, [2015-02-20T10:38:18.157779 #87651] ERROR -- : TESTING IF THIS WORKS
E, [2015-02-20T11:19:09.318402 #87913] ERROR -- : TESTING IF THIS WORKS
E, [2015-02-20T11:19:30.148939 #87918] ERROR -- : TESTING IF THIS WORKS
E, [2015-02-20T11:31:58.654537 #87979] ERROR -- : TESTING IF THIS WORKS
E, [2015-02-20T11:32:32.039798 #87987] ERROR -- : TESTING IF THIS WORKS
E, [2015-02-20T11:32:52.230021 #87990] ERROR -- : TESTING IF THIS WORKS
E, [2015-02-20T11:33:22.909334 #88002] ERROR -- : TESTING IF THIS WORKS
E, [2015-02-20T11:34:53.812935 #88028] ERROR -- : TESTING IF THIS WORKS
E, [2015-02-20T11:37:26.414090 #88041] ERROR -- : TESTING IF THIS WORKS
E, [2015-02-20T11:37:36.534559 #88042] ERROR -- : TESTING IF THIS WORKS
E, [2015-02-20T11:38:04.652352 #88046] ERROR -- : TESTING IF THIS WORKS
E, [2015-02-20T12:19:55.844365 #88415] ERROR -- : TESTING IF THIS WORKS
I, [2015-02-27T09:39:08.405915 #12437]  INFO -- : Starting script at 2015-02-27 09:39:08 -0600
I, [2015-02-27T09:39:08.432441 #12437]  INFO -- : Script running with following options: {:environment=>"test", :format=>nil, :solr_or_html=>"both", :commit=>true, :regex=>nil, :transform_only=>false, :update_time=>nil, :verbose=>true, :project=>"test_data"}
I, [2015-02-27T09:39:16.445277 #12437]  INFO -- : Transformed all specified files for test_data successfully
E, [2015-02-27T09:39:16.532767 #12437] ERROR -- : Failed to post temp files to solr: <html><head><title>Apache Tomcat/7.0.42 - Error report</title><style><!--H1 {font-family:Tahoma,Arial,sans-serif;color:white;background-color:#525D76;font-size:22px;} H2 {font-family:Tahoma,Arial,sans-serif;color:white;background-color:#525D76;font-size:16px;} H3 {font-family:Tahoma,Arial,sans-serif;color:white;background-color:#525D76;font-size:14px;} BODY {font-family:Tahoma,Arial,sans-serif;color:black;background-color:white;} B {font-family:Tahoma,Arial,sans-serif;color:white;background-color:#525D76;} P {font-family:Tahoma,Arial,sans-serif;background:white;color:black;font-size:12px;}A {color : black;}A.name {color : black;}HR {color : #525D76;}--></style> </head><body><h1>HTTP Status 404 - /soljessica_testing/update</h1><HR size="1" noshade="noshade"><p><b>type</b> Status report</p><p><b>message</b> <u>/soljessica_testing/update</u></p><p><b>description</b> <u>The requested resource is not available.</u></p><HR size="1" noshade="noshade"><h3>Apache Tomcat/7.0.42</h3></body></html>
E, [2015-02-27T09:39:16.539399 #12437] ERROR -- : Failed to post temp files to solr: <html><head><title>Apache Tomcat/7.0.42 - Error report</title><style><!--H1 {font-family:Tahoma,Arial,sans-serif;color:white;background-color:#525D76;font-size:22px;} H2 {font-family:Tahoma,Arial,sans-serif;color:white;background-color:#525D76;font-size:16px;} H3 {font-family:Tahoma,Arial,sans-serif;color:white;background-color:#525D76;font-size:14px;} BODY {font-family:Tahoma,Arial,sans-serif;color:black;background-color:white;} B {font-family:Tahoma,Arial,sans-serif;color:white;background-color:#525D76;} P {font-family:Tahoma,Arial,sans-serif;background:white;color:black;font-size:12px;}A {color : black;}A.name {color : black;}HR {color : #525D76;}--></style> </head><body><h1>HTTP Status 404 - /soljessica_testing/update</h1><HR size="1" noshade="noshade"><p><b>type</b> Status report</p><p><b>message</b> <u>/soljessica_testing/update</u></p><p><b>description</b> <u>The requested resource is not available.</u></p><HR size="1" noshade="noshade"><h3>Apache Tomcat/7.0.42</h3></body></html>
E, [2015-02-27T09:39:16.542143 #12437] ERROR -- : Failed to commit changes to solr: ["<html><head><title>Apache Tomcat/7.0.42 - Error report</title><style><!--H1 {font-family:Tahoma,Arial,sans-serif;color:white;background-color:#525D76;font-size:22px;} H2 {font-family:Tahoma,Arial,sans-serif;color:white;background-color:#525D76;font-size:16px;} H3 {font-family:Tahoma,Arial,sans-serif;color:white;background-color:#525D76;font-size:14px;} BODY {font-family:Tahoma,Arial,sans-serif;color:black;background-color:white;} B {font-family:Tahoma,Arial,sans-serif;color:white;background-color:#525D76;} P {font-family:Tahoma,Arial,sans-serif;background:white;color:black;font-size:12px;}A {color : black;}A.name {color : black;}HR {color : #525D76;}--></style> </head><body><h1>HTTP Status 404 - /soljessica_testing/update</h1><HR size=\"1\" noshade=\"noshade\"><p><b>type</b> Status report</p><p><b>message</b> <u>/soljessica_testing/update</u></p><p><b>description</b> <u>The requested resource is not available.</u></p><HR size=\"1\" noshade=\"noshade\"><h3>Apache Tomcat/7.0.42</h3></body></html>", "<html><head><title>Apache Tomcat/7.0.42 - Error report</title><style><!--H1 {font-family:Tahoma,Arial,sans-serif;color:white;background-color:#525D76;font-size:22px;} H2 {font-family:Tahoma,Arial,sans-serif;color:white;background-color:#525D76;font-size:16px;} H3 {font-family:Tahoma,Arial,sans-serif;color:white;background-color:#525D76;font-size:14px;} BODY {font-family:Tahoma,Arial,sans-serif;color:black;background-color:white;} B {font-family:Tahoma,Arial,sans-serif;color:white;background-color:#525D76;} P {font-family:Tahoma,Arial,sans-serif;background:white;color:black;font-size:12px;}A {color : black;}A.name {color : black;}HR {color : #525D76;}--></style> </head><body><h1>HTTP Status 404 - /soljessica_testing/update</h1><HR size=\"1\" noshade=\"noshade\"><p><b>type</b> Status report</p><p><b>message</b> <u>/soljessica_testing/update</u></p><p><b>description</b> <u>The requested resource is not available.</u></p><HR size=\"1\" noshade=\"noshade\"><h3>Apache Tomcat/7.0.42</h3></body></html>", "<html><head><title>Apache Tomcat/7.0.42 - Error report</title><style><!--H1 {font-family:Tahoma,Arial,sans-serif;color:white;background-color:#525D76;font-size:22px;} H2 {font-family:Tahoma,Arial,sans-serif;color:white;background-color:#525D76;font-size:16px;} H3 {font-family:Tahoma,Arial,sans-serif;color:white;background-color:#525D76;font-size:14px;} BODY {font-family:Tahoma,Arial,sans-serif;color:black;background-color:white;} B {font-family:Tahoma,Arial,sans-serif;color:white;background-color:#525D76;} P {font-family:Tahoma,Arial,sans-serif;background:white;color:black;font-size:12px;}A {color : black;}A.name {color : black;}HR {color : #525D76;}--></style> </head><body><h1>HTTP Status 404 - /soljessica_testing/update</h1><HR size=\"1\" noshade=\"noshade\"><p><b>type</b> Status report</p><p><b>message</b> <u>/soljessica_testing/update</u></p><p><b>description</b> <u>The requested resource is not available.</u></p><HR size=\"1\" noshade=\"noshade\"><h3>Apache Tomcat/7.0.42</h3></body></html>"]
I, [2015-02-27T09:39:16.628220 #12437]  INFO -- : Script finished running at 2015-02-27 09:39:16 -0600
I, [2015-02-27T10:04:14.964479 #13479]  INFO -- : Starting script at 2015-02-27 10:04:14 -0600
I, [2015-02-27T10:04:14.984302 #13479]  INFO -- : Script running with following options: {:environment=>"test", :format=>nil, :solr_or_html=>"both", :commit=>true, :regex=>nil, :transform_only=>false, :update_time=>nil, :verbose=>true, :project=>"test_data"}
I, [2015-02-27T10:04:37.873599 #13482]  INFO -- : Starting script at 2015-02-27 10:04:37 -0600
I, [2015-02-27T10:04:37.873648 #13482]  INFO -- : Script running with following options: {:environment=>"test", :format=>nil, :solr_or_html=>"both", :commit=>true, :regex=>nil, :transform_only=>false, :update_time=>nil, :verbose=>true, :project=>"test_data"}
I, [2015-02-27T10:04:49.915964 #13486]  INFO -- : Starting script at 2015-02-27 10:04:49 -0600
I, [2015-02-27T10:04:49.916015 #13486]  INFO -- : Script running with following options: {:environment=>"test", :format=>nil, :solr_or_html=>"both", :commit=>true, :regex=>nil, :transform_only=>false, :update_time=>nil, :verbose=>true, :project=>"test_data"}
I, [2015-02-27T10:04:57.028587 #13486]  INFO -- : Transformed all specified files for test_data successfully
E, [2015-02-27T10:04:57.034958 #13486] ERROR -- : Failed to post temp files to solr: <html><head><title>Apache Tomcat/7.0.42 - Error report</title><style><!--H1 {font-family:Tahoma,Arial,sans-serif;color:white;background-color:#525D76;font-size:22px;} H2 {font-family:Tahoma,Arial,sans-serif;color:white;background-color:#525D76;font-size:16px;} H3 {font-family:Tahoma,Arial,sans-serif;color:white;background-color:#525D76;font-size:14px;} BODY {font-family:Tahoma,Arial,sans-serif;color:black;background-color:white;} B {font-family:Tahoma,Arial,sans-serif;color:white;background-color:#525D76;} P {font-family:Tahoma,Arial,sans-serif;background:white;color:black;font-size:12px;}A {color : black;}A.name {color : black;}HR {color : #525D76;}--></style> </head><body><h1>HTTP Status 404 - /soljessica_testing/update</h1><HR size="1" noshade="noshade"><p><b>type</b> Status report</p><p><b>message</b> <u>/soljessica_testing/update</u></p><p><b>description</b> <u>The requested resource is not available.</u></p><HR size="1" noshade="noshade"><h3>Apache Tomcat/7.0.42</h3></body></html>
E, [2015-02-27T10:04:57.055190 #13486] ERROR -- : Failed to post temp files to solr: <html><head><title>Apache Tomcat/7.0.42 - Error report</title><style><!--H1 {font-family:Tahoma,Arial,sans-serif;color:white;background-color:#525D76;font-size:22px;} H2 {font-family:Tahoma,Arial,sans-serif;color:white;background-color:#525D76;font-size:16px;} H3 {font-family:Tahoma,Arial,sans-serif;color:white;background-color:#525D76;font-size:14px;} BODY {font-family:Tahoma,Arial,sans-serif;color:black;background-color:white;} B {font-family:Tahoma,Arial,sans-serif;color:white;background-color:#525D76;} P {font-family:Tahoma,Arial,sans-serif;background:white;color:black;font-size:12px;}A {color : black;}A.name {color : black;}HR {color : #525D76;}--></style> </head><body><h1>HTTP Status 404 - /soljessica_testing/update</h1><HR size="1" noshade="noshade"><p><b>type</b> Status report</p><p><b>message</b> <u>/soljessica_testing/update</u></p><p><b>description</b> <u>The requested resource is not available.</u></p><HR size="1" noshade="noshade"><h3>Apache Tomcat/7.0.42</h3></body></html>
E, [2015-02-27T10:04:57.058292 #13486] ERROR -- : Failed to commit changes to solr: ["<html><head><title>Apache Tomcat/7.0.42 - Error report</title><style><!--H1 {font-family:Tahoma,Arial,sans-serif;color:white;background-color:#525D76;font-size:22px;} H2 {font-family:Tahoma,Arial,sans-serif;color:white;background-color:#525D76;font-size:16px;} H3 {font-family:Tahoma,Arial,sans-serif;color:white;background-color:#525D76;font-size:14px;} BODY {font-family:Tahoma,Arial,sans-serif;color:black;background-color:white;} B {font-family:Tahoma,Arial,sans-serif;color:white;background-color:#525D76;} P {font-family:Tahoma,Arial,sans-serif;background:white;color:black;font-size:12px;}A {color : black;}A.name {color : black;}HR {color : #525D76;}--></style> </head><body><h1>HTTP Status 404 - /soljessica_testing/update</h1><HR size=\"1\" noshade=\"noshade\"><p><b>type</b> Status report</p><p><b>message</b> <u>/soljessica_testing/update</u></p><p><b>description</b> <u>The requested resource is not available.</u></p><HR size=\"1\" noshade=\"noshade\"><h3>Apache Tomcat/7.0.42</h3></body></html>", "<html><head><title>Apache Tomcat/7.0.42 - Error report</title><style><!--H1 {font-family:Tahoma,Arial,sans-serif;color:white;background-color:#525D76;font-size:22px;} H2 {font-family:Tahoma,Arial,sans-serif;color:white;background-color:#525D76;font-size:16px;} H3 {font-family:Tahoma,Arial,sans-serif;color:white;background-color:#525D76;font-size:14px;} BODY {font-family:Tahoma,Arial,sans-serif;color:black;background-color:white;} B {font-family:Tahoma,Arial,sans-serif;color:white;background-color:#525D76;} P {font-family:Tahoma,Arial,sans-serif;background:white;color:black;font-size:12px;}A {color : black;}A.name {color : black;}HR {color : #525D76;}--></style> </head><body><h1>HTTP Status 404 - /soljessica_testing/update</h1><HR size=\"1\" noshade=\"noshade\"><p><b>type</b> Status report</p><p><b>message</b> <u>/soljessica_testing/update</u></p><p><b>description</b> <u>The requested resource is not available.</u></p><HR size=\"1\" noshade=\"noshade\"><h3>Apache Tomcat/7.0.42</h3></body></html>", "<html><head><title>Apache Tomcat/7.0.42 - Error report</title><style><!--H1 {font-family:Tahoma,Arial,sans-serif;color:white;background-color:#525D76;font-size:22px;} H2 {font-family:Tahoma,Arial,sans-serif;color:white;background-color:#525D76;font-size:16px;} H3 {font-family:Tahoma,Arial,sans-serif;color:white;background-color:#525D76;font-size:14px;} BODY {font-family:Tahoma,Arial,sans-serif;color:black;background-color:white;} B {font-family:Tahoma,Arial,sans-serif;color:white;background-color:#525D76;} P {font-family:Tahoma,Arial,sans-serif;background:white;color:black;font-size:12px;}A {color : black;}A.name {color : black;}HR {color : #525D76;}--></style> </head><body><h1>HTTP Status 404 - /soljessica_testing/update</h1><HR size=\"1\" noshade=\"noshade\"><p><b>type</b> Status report</p><p><b>message</b> <u>/soljessica_testing/update</u></p><p><b>description</b> <u>The requested resource is not available.</u></p><HR size=\"1\" noshade=\"noshade\"><h3>Apache Tomcat/7.0.42</h3></body></html>"]
I, [2015-02-27T10:04:57.091197 #13486]  INFO -- : Script finished running at 2015-02-27 10:04:57 -0600
I, [2015-02-27T10:05:14.383893 #13502]  INFO -- : Starting script at 2015-02-27 10:05:14 -0600
I, [2015-02-27T10:05:14.383947 #13502]  INFO -- : Script running with following options: {:environment=>"test", :format=>nil, :solr_or_html=>"both", :commit=>true, :regex=>nil, :transform_only=>false, :update_time=>nil, :verbose=>true, :project=>"test_data"}
I, [2015-02-27T10:05:19.085870 #13502]  INFO -- : Transformed all specified files for test_data successfully
I, [2015-02-27T10:05:19.230023 #13502]  INFO -- : Script finished running at 2015-02-27 10:05:19 -0600
I, [2015-02-27T10:51:46.802228 #13683]  INFO -- : Starting script at 2015-02-27 10:51:46 -0600
I, [2015-02-27T10:51:46.802289 #13683]  INFO -- : Script running with following options: {:environment=>"test", :format=>nil, :solr_or_html=>nil, :commit=>true, :regex=>nil, :transform_only=>false, :update_time=>nil, :verbose=>true, :project=>"test_data"}
I, [2015-02-27T10:51:52.109360 #13683]  INFO -- : Transformed all specified files for test_data successfully
I, [2015-02-27T10:51:52.109447 #13683]  INFO -- : Posted all specified files for test_data successfully
I, [2015-02-27T10:51:52.173085 #13683]  INFO -- : Script finished running at 2015-02-27 10:51:52 -0600
I, [2015-02-27T10:54:19.113870 #13717]  INFO -- : Starting script at 2015-02-27 10:54:19 -0600
I, [2015-02-27T10:54:19.113918 #13717]  INFO -- : Script running with following options: {:environment=>"test", :format=>nil, :solr_or_html=>nil, :commit=>true, :regex=>nil, :transform_only=>false, :update_time=>nil, :verbose=>true, :project=>"test_data"}
I, [2015-02-27T10:54:23.966700 #13717]  INFO -- : Transformed all specified files for test_data successfully
I, [2015-02-27T10:54:23.966804 #13717]  INFO -- : Posted all specified files for test_data successfully
I, [2015-02-27T10:54:24.023561 #13717]  INFO -- : Script finished running at 2015-02-27 10:54:24 -0600
I, [2015-02-27T11:17:26.458173 #38788]  INFO -- : Starting script at 2015-02-27 11:17:26 -0600
I, [2015-02-27T11:17:26.458261 #38788]  INFO -- : Script running with following options: {:environment=>"test", :format=>nil, :solr_or_html=>nil, :commit=>true, :regex=>nil, :transform_only=>false, :update_time=>nil, :verbose=>false, :project=>"test_data"}
I, [2015-02-27T11:17:34.502494 #38788]  INFO -- : Transformed all specified files for test_data successfully
I, [2015-02-27T11:17:34.502759 #38788]  INFO -- : Posted all specified files for test_data successfully
I, [2015-02-27T11:17:34.560948 #38788]  INFO -- : Script finished running at 2015-02-27 11:17:34 -0600
I, [2015-02-27T13:07:48.491897 #46877]  INFO -- : Starting script at 2015-02-27 13:07:48 -0600
I, [2015-02-27T13:07:48.492020 #46877]  INFO -- : Script running with following options: {:environment=>"test", :format=>nil, :solr_or_html=>nil, :commit=>true, :regex=>nil, :transform_only=>false, :update_time=>nil, :verbose=>false, :project=>"test_data"}
I, [2015-02-27T13:07:56.012735 #46877]  INFO -- : Transformed all specified files for test_data successfully
I, [2015-02-27T13:07:56.012984 #46877]  INFO -- : Posted all specified files for test_data successfully
I, [2015-02-27T13:07:56.077419 #46877]  INFO -- : Script finished running at 2015-02-27 13:07:56 -0600
I, [2015-02-27T13:10:17.015090 #47121]  INFO -- : Starting script at 2015-02-27 13:10:17 -0600
I, [2015-02-27T13:10:17.015175 #47121]  INFO -- : Script running with following options: {:environment=>"test", :format=>nil, :solr_or_html=>nil, :commit=>true, :regex=>nil, :transform_only=>false, :update_time=>nil, :verbose=>false, :project=>"test_data"}
I, [2015-02-27T13:10:24.507163 #47121]  INFO -- : Transformed all specified files for test_data successfully
I, [2015-02-27T13:10:24.507436 #47121]  INFO -- : Posted all specified files for test_data successfully
I, [2015-02-27T13:10:24.557402 #47121]  INFO -- : Script finished running at 2015-02-27 13:10:24 -0600
I, [2015-02-27T13:46:58.389860 #15763]  INFO -- : Starting script at 2015-02-27 13:46:58 -0600
I, [2015-02-27T13:46:58.389944 #15763]  INFO -- : Script running with following options: {:environment=>"test", :format=>nil, :solr_or_html=>nil, :commit=>true, :regex=>nil, :transform_only=>false, :update_time=>nil, :verbose=>false, :project=>"test_data"}
I, [2015-02-27T13:47:15.807109 #15773]  INFO -- : Starting script at 2015-02-27 13:47:15 -0600
I, [2015-02-27T13:47:15.807174 #15773]  INFO -- : Script running with following options: {:environment=>"test", :format=>nil, :solr_or_html=>nil, :commit=>true, :regex=>nil, :transform_only=>false, :update_time=>nil, :verbose=>false, :project=>"test_data"}
I, [2015-02-27T13:47:21.027388 #15773]  INFO -- : Transformed all specified files for test_data successfully
I, [2015-02-27T13:47:21.027491 #15773]  INFO -- : Posted all specified files for test_data successfully
I, [2015-02-27T13:47:21.081798 #15773]  INFO -- : Script finished running at 2015-02-27 13:47:21 -0600
I, [2015-02-27T13:47:28.578322 #15790]  INFO -- : Starting script at 2015-02-27 13:47:28 -0600
I, [2015-02-27T13:47:28.578391 #15790]  INFO -- : Script running with following options: {:environment=>"test", :format=>nil, :solr_or_html=>"solr", :commit=>true, :regex=>nil, :transform_only=>false, :update_time=>nil, :verbose=>false, :project=>"test_data"}
I, [2015-02-27T13:47:30.951174 #15790]  INFO -- : Transformed all specified files for test_data successfully
I, [2015-02-27T13:47:30.951269 #15790]  INFO -- : Posted all specified files for test_data successfully
I, [2015-02-27T13:47:31.002815 #15790]  INFO -- : Script finished running at 2015-02-27 13:47:31 -0600
I, [2015-02-27T13:47:34.522433 #15798]  INFO -- : Starting script at 2015-02-27 13:47:34 -0600
I, [2015-02-27T13:47:34.522490 #15798]  INFO -- : Script running with following options: {:environment=>"test", :format=>nil, :solr_or_html=>"html", :commit=>true, :regex=>nil, :transform_only=>false, :update_time=>nil, :verbose=>false, :project=>"test_data"}
I, [2015-02-27T13:47:37.139907 #15798]  INFO -- : Transformed all specified files for test_data successfully
I, [2015-02-27T13:47:37.140015 #15798]  INFO -- : Posted all specified files for test_data successfully
I, [2015-02-27T13:47:37.146741 #15798]  INFO -- : Script finished running at 2015-02-27 13:47:37 -0600
I, [2015-02-27T13:48:25.369728 #15808]  INFO -- : Starting script at 2015-02-27 13:48:25 -0600
I, [2015-02-27T13:48:25.369787 #15808]  INFO -- : Script running with following options: {:environment=>"test", :format=>nil, :solr_or_html=>"html", :commit=>true, :regex=>nil, :transform_only=>false, :update_time=>nil, :verbose=>false, :project=>"test_data"}
I, [2015-02-27T13:48:27.770447 #15808]  INFO -- : Transformed all specified files for test_data successfully
I, [2015-02-27T13:48:27.770520 #15808]  INFO -- : Posted all specified files for test_data successfully
I, [2015-02-27T13:48:27.770638 #15808]  INFO -- : Script finished running at 2015-02-27 13:48:27 -0600
